[main] INFO  testingRecap.Calculator  - Adding two numbers 10 and 2
[main] INFO  testingRecap.Calculator  - Adding two numbers 1 and 10
[main] INFO  testingRecap.Calculator  - Adding two numbers 1 and 10
[main] INFO  testingRecap.Calculator  - Adding two numbers 1 and 10
[main] INFO  testingRecap.Calculator  - Substract two numbers 1 and 10
[main] INFO  testingRecap.Calculator  - Substract multiple numbers[5, 2, -3, 4, 1]
[main] INFO  testingRecap.Calculator  - Adding multiple numbers[5, 2, -3, 4, 1]
[main] INFO  testingRecap.Calculator  - Adding two numbers 1 and 10
[main] INFO  testingRecap.Calculator  - Substract two numbers 1 and 10
[main] INFO  testingRecap.Calculator  - Substract multiple numbers[5, 2, -3, 4, 1]
[main] INFO  testingRecap.Calculator  - Adding multiple numbers[5, 2, -3, 4, 1]
[main] INFO  testingRecap.Calculator  - Adding multiple numbers[5, 2, -3, 4, 1]
[main] INFO  testingRecap.Calculator  - Adding two numbers 1 and 10
[main] INFO  testingRecap.Calculator  - Substract two numbers 1 and 10
[main] INFO  testingRecap.Calculator  - Substract multiple numbers[5, 2, -3, 4, 1]
[main] INFO  testingRecap.Calculator  - Adding multiple numbers[5, 2, -3, 4, 1]
[main] INFO  testingRecap.Calculator  - Adding two numbers 1 and 10
[main] INFO  testingRecap.Calculator  - Substract two numbers 1 and 10
[main] INFO  testingRecap.Calculator  - Substract multiple numbers[5, 2, -3, 4, 1]
[main] INFO  testingRecap.Calculator  - Adding multiple numbers[5, 2, -3, 4, 1]
[main] INFO  testingRecap.Calculator  - Substract multiple numbers[5, 2, -3, 4, 1]
[main] INFO  testingRecap.Calculator  - Adding two numbers 1 and 10
[main] INFO  testingRecap.Calculator  - Substract two numbers 1 and 10
[main] INFO  testingRecap.Calculator  - Adding multiple numbers[5, 2, -3, 4, 1]
[main] INFO  testingRecap.Calculator  - Multiply two numbers 1 and 10
[main] INFO  testingRecap.Calculator  - Substract multiple numbers[5, 2, -3, 4, 1]
[main] INFO  testingRecap.Calculator  - Adding two numbers 1 and 10
[main] INFO  testingRecap.Calculator  - Multiply multiple numbers[5, 2, -3, 4, 1]
[main] INFO  testingRecap.Calculator  - Substract two numbers 1 and 10
[main] INFO  testingRecap.Calculator  - Adding multiple numbers[5, 2, -3, 4, 1]
[main] INFO  testingRecap.Calculator  - Multiply two numbers 1 and 10
[main] INFO  testingRecap.Calculator  - Substract multiple numbers[5, 2, -3, 4, 1]
[main] INFO  testingRecap.Calculator  - Adding two numbers 1 and 10
[main] INFO  testingRecap.Calculator  - Multiply multiple numbers[5, 2, -3, 4, 1]
[main] INFO  testingRecap.Calculator  - Substract two numbers 1 and 10
[main] INFO  testingRecap.Calculator  - Adding multiple numbers[5, 2, -3, 4, 1]
[main] INFO  testingRecap.Calculator  - Multiply two numbers 1 and 10
[main] INFO  testingRecap.Calculator  - Multiply two numbers: 1 and 10
[main] INFO  testingRecap.Calculator  - Multiply two numbers: 4 and 2
[main] INFO  testingRecap.Calculator  - Multiply two numbers: 2 and 4
[main] INFO  testingRecap.Calculator  - Multiply two numbers: 9 and 2
[main] INFO  testingRecap.Calculator  - Multiply two numbers: 9 and 2
[main] INFO  testingRecap.Calculator  - Multiply two numbers: 5 and 0
[main] INFO  testingRecap.Calculator  - Multiply two numbers: 5 and 0
[main] INFO  testingRecap.Calculator  - Multiply two numbers: 5 and 0
[main] INFO  testingRecap.Calculator  - Multiply two numbers: 5 and 0
[main] INFO  testingRecap.Calculator  - Multiply two numbers: 5 and 0
[main] INFO  testingRecap.Calculator  - Multiply two numbers: 5 and 0
[main] INFO  testingRecap.Calculator  - Multiply two numbers
[main] INFO  testingRecap.Calculator  - Substract multiple numbers: [5, 2, -3, 4, 1]
[main] INFO  testingRecap.Calculator  - Adding two numbers 1 and 10
[main] INFO  testingRecap.Calculator  - Substract two numbers 1 and 10
[main] INFO  testingRecap.Calculator  - Adding multiple numbers[5, 2, -3, 4, 1]
[main] INFO  testingRecap.Calculator  - Multiply two numbers
[main] INFO  testingRecap.Calculator  - Substract multiple numbers: [5, 2, -3, 4, 1]
[main] INFO  testingRecap.Calculator  - Adding two numbers 1 and 10
[main] INFO  testingRecap.Calculator  - Substract two numbers 1 and 10
[main] INFO  testingRecap.Calculator  - Adding multiple numbers[5, 2, -3, 4, 1]
